<?xml version="1.0" encoding="UTF-8"?>
<testsuite xmlns:xsi="http://www.w3.org/2001/XMLSchema-instance" xsi:noNamespaceSchemaLocation="https://maven.apache.org/surefire/maven-surefire-plugin/xsd/surefire-test-report-3.0.xsd" version="3.0" name="com.pholser.junit.quickcheck.generator.java.util.SetOfSuperFloatPropertyParameterTest" time="2.544" tests="1" errors="0" skipped="0" failures="0">
  <properties>
[...]
</properties>
  <testcase name="verifyInteractionWithRandomness" classname="com.pholser.junit.quickcheck.generator.java.util.SetOfSuperFloatPropertyParameterTest" time="2.543">
    <system-out><![CDATA[in floats
class java.lang.Float
class java.lang.Number
interface java.io.Serializable
interface java.lang.Comparable
class java.lang.Object
TYPE_BEARER
interface java.util.Set
java.util.Set<? super java.lang.Float>
In forfirld
TYPE_BEARER
sun.reflect.annotation.AnnotatedTypeFactory$AnnotatedParameterizedTypeImpl@77fb1002
com.pholser.junit.quickcheck.generator.java.util.SetOfSuperFloatPropertyParameterTest
Set<? super Float>
java.util.Set<? super java.lang.Float>
TYPE_BEARER
interface java.util.Set
java.util.Set<? super java.lang.Float>
generatorFor
com.pholser.junit.quickcheck.generator.java.util.SetOfSuperFloatPropertyParameterTest
interface java.util.Set
In compose
maybeaddgeneratorsFor
interface java.util.Set
generatorsFor
interface java.util.Set
Matches generators
com.pholser.junit.quickcheck.generator.java.util.HashSetGenerator@2411b935
com.pholser.junit.quickcheck.generator.java.util.LinkedHashSetGenerator@4fe4503a
In choose
2
end choose
com.pholser.junit.quickcheck.generator.java.util.HashSetGenerator@2411b935
com.pholser.junit.quickcheck.generator.java.util.LinkedHashSetGenerator@4fe4503a
0
com.pholser.junit.quickcheck.generator.java.util.SetOfSuperFloatPropertyParameterTest
com.pholser.junit.quickcheck.generator.java.util.HashSetGenerator@39ac8c0c
Else In hasGeneratorsFor generators
com.pholser.junit.quickcheck.generator.java.util.HashSetGenerator@39ac8c0c
In match generators
com.pholser.junit.quickcheck.generator.java.util.HashSetGenerator@39ac8c0c
In compose weigghetd fn
typeParameterContexts
1
java.lang.Float
In supertype type parameter
class java.lang.Float
interface java.lang.Comparable
interface java.io.Serializable
class java.lang.Number
class java.lang.Object
class java.lang.Float
interface java.lang.Comparable
interface java.io.Serializable
class java.lang.Number
class java.lang.Object
In choose
5
end choose
java.lang.Float
java.lang.Comparable<java.lang.Float>
java.io.Serializable
java.lang.Number
java.lang.Object
0
addSup func
java.lang.Float
class java.lang.Float
class java.lang.Float
generatorFor
java.util.Set<? super java.lang.Float>
class java.lang.Float
In compose
maybeaddgeneratorsFor
class java.lang.Float
generatorsFor
class java.lang.Float
Matches generators
com.pholser.junit.quickcheck.generator.java.lang.FloatGenerator@3292eff7
In choose
1
java.util.Set<? super java.lang.Float>
com.pholser.junit.quickcheck.generator.java.lang.FloatGenerator@78b8f818
Else In hasGeneratorsFor generators
com.pholser.junit.quickcheck.generator.java.lang.FloatGenerator@78b8f818
In match generators
com.pholser.junit.quickcheck.generator.java.lang.FloatGenerator@78b8f818
In compose weigghetd fn
typeParameterContexts
com.pholser.junit.quickcheck.generator.java.lang.FloatGenerator@78b8f818
maybeaddgeneratorsFor
class java.lang.Float
generatorsFor
class java.lang.Float
Matches generators
com.pholser.junit.quickcheck.generator.java.lang.FloatGenerator@3292eff7
In choose
1
java.util.Set<? super java.lang.Float>
com.pholser.junit.quickcheck.generator.java.lang.FloatGenerator@1e9d721
Else In hasGeneratorsFor generators
com.pholser.junit.quickcheck.generator.java.lang.FloatGenerator@1e9d721
In match generators
com.pholser.junit.quickcheck.generator.java.lang.FloatGenerator@1e9d721
In compose weigghetd fn
typeParameterContexts
com.pholser.junit.quickcheck.generator.java.util.HashSetGenerator@39ac8c0c
maybeaddgeneratorsFor
interface java.util.Set
generatorsFor
interface java.util.Set
Matches generators
com.pholser.junit.quickcheck.generator.java.util.HashSetGenerator@2411b935
com.pholser.junit.quickcheck.generator.java.util.LinkedHashSetGenerator@4fe4503a
In choose
2
end choose
com.pholser.junit.quickcheck.generator.java.util.HashSetGenerator@2411b935
com.pholser.junit.quickcheck.generator.java.util.LinkedHashSetGenerator@4fe4503a
0
com.pholser.junit.quickcheck.generator.java.util.SetOfSuperFloatPropertyParameterTest
com.pholser.junit.quickcheck.generator.java.util.HashSetGenerator@2d3111a1
Else In hasGeneratorsFor generators
com.pholser.junit.quickcheck.generator.java.util.HashSetGenerator@2d3111a1
In match generators
com.pholser.junit.quickcheck.generator.java.util.HashSetGenerator@2d3111a1
In compose weigghetd fn
typeParameterContexts
1
java.lang.Float
In supertype type parameter
class java.lang.Float
class java.lang.Object
interface java.lang.Comparable
class java.lang.Number
interface java.io.Serializable
class java.lang.Float
class java.lang.Object
interface java.lang.Comparable
class java.lang.Number
interface java.io.Serializable
In choose
5
end choose
java.lang.Float
java.lang.Object
java.lang.Comparable<java.lang.Float>
java.lang.Number
java.io.Serializable
0
addSup func
java.lang.Float
class java.lang.Float
class java.lang.Float
generatorFor
java.util.Set<? super java.lang.Float>
class java.lang.Float
In compose
maybeaddgeneratorsFor
class java.lang.Float
generatorsFor
class java.lang.Float
Matches generators
com.pholser.junit.quickcheck.generator.java.lang.FloatGenerator@3292eff7
In choose
1
java.util.Set<? super java.lang.Float>
com.pholser.junit.quickcheck.generator.java.lang.FloatGenerator@6f2864c3
Else In hasGeneratorsFor generators
com.pholser.junit.quickcheck.generator.java.lang.FloatGenerator@6f2864c3
In match generators
com.pholser.junit.quickcheck.generator.java.lang.FloatGenerator@6f2864c3
In compose weigghetd fn
typeParameterContexts
com.pholser.junit.quickcheck.generator.java.lang.FloatGenerator@6f2864c3
maybeaddgeneratorsFor
class java.lang.Float
generatorsFor
class java.lang.Float
Matches generators
com.pholser.junit.quickcheck.generator.java.lang.FloatGenerator@3292eff7
In choose
1
java.util.Set<? super java.lang.Float>
com.pholser.junit.quickcheck.generator.java.lang.FloatGenerator@50ef2906
Else In hasGeneratorsFor generators
com.pholser.junit.quickcheck.generator.java.lang.FloatGenerator@50ef2906
In match generators
com.pholser.junit.quickcheck.generator.java.lang.FloatGenerator@50ef2906
In compose weigghetd fn
typeParameterContexts
In produce generator
com.pholser.junit.quickcheck.generator.java.util.HashSetGenerator@2d3111a1
Trials
In generate
In size:
1
com.pholser.junit.quickcheck.generator.java.lang.FloatGenerator@50ef2906
In generator type
com.pholser.junit.quickcheck.generator.java.lang.FloatGenerator@50ef2906
Evalue
after Evalue
after generate
Trials
In generate
In size:
2
com.pholser.junit.quickcheck.generator.java.lang.FloatGenerator@50ef2906
In generator type
com.pholser.junit.quickcheck.generator.java.lang.FloatGenerator@50ef2906
Evalue
after Evalue
after generate
Trials
In generate
In size:
3
com.pholser.junit.quickcheck.generator.java.lang.FloatGenerator@50ef2906
In generator type
com.pholser.junit.quickcheck.generator.java.lang.FloatGenerator@50ef2906
Evalue
after Evalue
after generate
[MockitoHint] SetOfSuperFloatPropertyParameterTest.verifyInteractionWithRandomness (see javadoc for MockitoHint):
[MockitoHint] 1. Unused -> at com.pholser.junit.quickcheck.Generating.ints(Generating.java:118)
[MockitoHint] 2. Unused -> at com.pholser.junit.quickcheck.internal.generator.CorePropertyParameterTest.primeSeed(CorePropertyParameterTest.java:111)
[MockitoHint] 3. Unused -> at com.pholser.junit.quickcheck.internal.generator.CorePropertyParameterTest.primeTrials(CorePropertyParameterTest.java:105)

]]></system-out>
  </testcase>
</testsuite>