<?xml version="1.0" encoding="UTF-8"?>
<testsuite xmlns:xsi="http://www.w3.org/2001/XMLSchema-instance" xsi:noNamespaceSchemaLocation="https://maven.apache.org/surefire/maven-surefire-plugin/xsd/surefire-test-report-3.0.xsd" version="3.0" name="com.pholser.junit.quickcheck.generator.java.util.SetOfSuperFloatPropertyParameterTest" time="1.936" tests="1" errors="0" skipped="0" failures="1">
  <properties>
[...]
</properties>
  <testcase name="verifyInteractionWithRandomness" classname="com.pholser.junit.quickcheck.generator.java.util.SetOfSuperFloatPropertyParameterTest" time="1.923">
    <failure message="&#10;Wanted but not invoked:&#10;randomForParameterGenerator.nextFloat(&#10;    0.0f,&#10;    1.0f&#10;);&#10;-&gt; at com.pholser.junit.quickcheck.Generating.verifyFloats(Generating.java:103)&#10;&#10;However, there were exactly 3 interactions with this mock:&#10;randomForParameterGenerator.nextBoolean();&#10;-&gt; at com.pholser.junit.quickcheck.generator.java.lang.BooleanGenerator.generate(BooleanGenerator.java:52)&#10;&#10;randomForParameterGenerator.nextBoolean();&#10;-&gt; at com.pholser.junit.quickcheck.generator.java.lang.BooleanGenerator.generate(BooleanGenerator.java:52)&#10;&#10;randomForParameterGenerator.nextBoolean();&#10;-&gt; at com.pholser.junit.quickcheck.generator.java.lang.BooleanGenerator.generate(BooleanGenerator.java:52)&#10;&#10;" type="Wanted but not invoked"><![CDATA[Wanted but not invoked:
randomForParameterGenerator.nextFloat(
    0.0f,
    1.0f
);
-> at com.pholser.junit.quickcheck.Generating.verifyFloats(Generating.java:103)

However, there were exactly 3 interactions with this mock:
randomForParameterGenerator.nextBoolean();
-> at com.pholser.junit.quickcheck.generator.java.lang.BooleanGenerator.generate(BooleanGenerator.java:52)

randomForParameterGenerator.nextBoolean();
-> at com.pholser.junit.quickcheck.generator.java.lang.BooleanGenerator.generate(BooleanGenerator.java:52)

randomForParameterGenerator.nextBoolean();
-> at com.pholser.junit.quickcheck.generator.java.lang.BooleanGenerator.generate(BooleanGenerator.java:52)


	at com.pholser.junit.quickcheck.Generating.verifyFloats(Generating.java:103)
	at com.pholser.junit.quickcheck.generator.java.util.SetOfSuperFloatPropertyParameterTest.verifyInteractionWithRandomness(SetOfSuperFloatPropertyParameterTest.java:78)
	at java.base/jdk.internal.reflect.NativeMethodAccessorImpl.invoke0(Native Method)
	at java.base/jdk.internal.reflect.NativeMethodAccessorImpl.invoke(NativeMethodAccessorImpl.java:62)
	at java.base/jdk.internal.reflect.DelegatingMethodAccessorImpl.invoke(DelegatingMethodAccessorImpl.java:43)
	at java.base/java.lang.reflect.Method.invoke(Method.java:566)
	at org.junit.runners.model.FrameworkMethod$1.runReflectiveCall(FrameworkMethod.java:59)
	at org.junit.internal.runners.model.ReflectiveCallable.run(ReflectiveCallable.java:12)
	at org.junit.runners.model.FrameworkMethod.invokeExplosively(FrameworkMethod.java:56)
	at org.junit.internal.runners.statements.InvokeMethod.evaluate(InvokeMethod.java:17)
	at org.junit.internal.runners.statements.RunBefores.evaluate(RunBefores.java:26)
	at org.junit.runners.ParentRunner$3.evaluate(ParentRunner.java:306)
	at org.junit.runners.BlockJUnit4ClassRunner$1.evaluate(BlockJUnit4ClassRunner.java:100)
	at org.junit.runners.ParentRunner.runLeaf(ParentRunner.java:366)
	at org.junit.runners.BlockJUnit4ClassRunner.runChild(BlockJUnit4ClassRunner.java:103)
	at org.junit.runners.BlockJUnit4ClassRunner.runChild(BlockJUnit4ClassRunner.java:63)
	at org.junit.runners.ParentRunner$4.run(ParentRunner.java:331)
	at org.junit.runners.ParentRunner$1.schedule(ParentRunner.java:79)
	at org.junit.runners.ParentRunner.runChildren(ParentRunner.java:329)
	at org.junit.runners.ParentRunner.access$100(ParentRunner.java:66)
	at org.junit.runners.ParentRunner$2.evaluate(ParentRunner.java:293)
	at org.junit.runners.ParentRunner$3.evaluate(ParentRunner.java:306)
	at org.junit.runners.ParentRunner.run(ParentRunner.java:413)
	at org.junit.runners.Suite.runChild(Suite.java:128)
	at org.junit.runners.Suite.runChild(Suite.java:27)
	at org.junit.runners.ParentRunner$4.run(ParentRunner.java:331)
	at org.junit.runners.ParentRunner$1.schedule(ParentRunner.java:79)
	at org.junit.runners.ParentRunner.runChildren(ParentRunner.java:329)
	at org.junit.runners.ParentRunner.access$100(ParentRunner.java:66)
	at org.junit.runners.ParentRunner$2.evaluate(ParentRunner.java:293)
	at org.junit.runners.ParentRunner$3.evaluate(ParentRunner.java:306)
	at org.junit.runners.ParentRunner.run(ParentRunner.java:413)
	at org.apache.maven.surefire.junitcore.JUnitCore.run(JUnitCore.java:49)
	at org.apache.maven.surefire.junitcore.JUnitCoreWrapper.createRequestAndRun(JUnitCoreWrapper.java:120)
	at org.apache.maven.surefire.junitcore.JUnitCoreWrapper.executeEager(JUnitCoreWrapper.java:95)
	at org.apache.maven.surefire.junitcore.JUnitCoreWrapper.execute(JUnitCoreWrapper.java:75)
	at org.apache.maven.surefire.junitcore.JUnitCoreWrapper.execute(JUnitCoreWrapper.java:69)
	at org.apache.maven.surefire.junitcore.JUnitCoreProvider.invoke(JUnitCoreProvider.java:146)
	at org.apache.maven.surefire.booter.ForkedBooter.runSuitesInProcess(ForkedBooter.java:385)
	at org.apache.maven.surefire.booter.ForkedBooter.execute(ForkedBooter.java:162)
	at org.apache.maven.surefire.booter.ForkedBooter.run(ForkedBooter.java:507)
	at org.apache.maven.surefire.booter.ForkedBooter.main(ForkedBooter.java:495)
]]></failure>
    <system-out><![CDATA[in floats

Trials
In generate
In size:
1
Evalue
after Evalue
after generate
Trials
In generate
In size:
2
Evalue
after Evalue
after generate
Trials
In generate
In size:
3
Evalue
after Evalue
after generate
[MockitoHint] SetOfSuperFloatPropertyParameterTest.verifyInteractionWithRandomness (see javadoc for MockitoHint):
[MockitoHint] 1. Unused... -> at com.pholser.junit.quickcheck.Generating.ints(Generating.java:118)
[MockitoHint]  ...args ok? -> at com.pholser.junit.quickcheck.internal.Items.choose(Items.java:58)
[MockitoHint]  ...args ok? -> at com.pholser.junit.quickcheck.internal.Items.choose(Items.java:58)
[MockitoHint]  ...args ok? -> at com.pholser.junit.quickcheck.internal.Items.choose(Items.java:58)

]]></system-out>
  </testcase>
</testsuite>