<?xml version="1.0" encoding="UTF-8"?>
<testsuite xmlns:xsi="http://www.w3.org/2001/XMLSchema-instance" xsi:noNamespaceSchemaLocation="https://maven.apache.org/surefire/maven-surefire-plugin/xsd/surefire-test-report-3.0.xsd" version="3.0" name="com.pholser.junit.quickcheck.generator.java.util.SetOfSuperFloatPropertyParameterTest" time="2.204" tests="1" errors="0" skipped="0" failures="1">
  <properties>
[...]
</properties>
  <testcase name="verifyInteractionWithRandomness" classname="com.pholser.junit.quickcheck.generator.java.util.SetOfSuperFloatPropertyParameterTest" time="2.199">
    <failure message="&#10;Wanted but not invoked:&#10;randomForParameterGenerator.nextFloat(&#10;    0.0f,&#10;    1.0f&#10;);&#10;-&gt; at com.pholser.junit.quickcheck.Generating.verifyFloats(Generating.java:103)&#10;&#10;However, there were exactly 3 interactions with this mock:&#10;randomForParameterGenerator.nextBoolean();&#10;-&gt; at com.pholser.junit.quickcheck.generator.java.lang.BooleanGenerator.generate(BooleanGenerator.java:52)&#10;&#10;randomForParameterGenerator.nextBoolean();&#10;-&gt; at com.pholser.junit.quickcheck.generator.java.lang.BooleanGenerator.generate(BooleanGenerator.java:52)&#10;&#10;randomForParameterGenerator.nextBoolean();&#10;-&gt; at com.pholser.junit.quickcheck.generator.java.lang.BooleanGenerator.generate(BooleanGenerator.java:52)&#10;&#10;" type="Wanted but not invoked"><![CDATA[Wanted but not invoked:
randomForParameterGenerator.nextFloat(
    0.0f,
    1.0f
);
-> at com.pholser.junit.quickcheck.Generating.verifyFloats(Generating.java:103)

However, there were exactly 3 interactions with this mock:
randomForParameterGenerator.nextBoolean();
-> at com.pholser.junit.quickcheck.generator.java.lang.BooleanGenerator.generate(BooleanGenerator.java:52)

randomForParameterGenerator.nextBoolean();
-> at com.pholser.junit.quickcheck.generator.java.lang.BooleanGenerator.generate(BooleanGenerator.java:52)

randomForParameterGenerator.nextBoolean();
-> at com.pholser.junit.quickcheck.generator.java.lang.BooleanGenerator.generate(BooleanGenerator.java:52)


	at com.pholser.junit.quickcheck.Generating.verifyFloats(Generating.java:103)
	at com.pholser.junit.quickcheck.generator.java.util.SetOfSuperFloatPropertyParameterTest.verifyInteractionWithRandomness(SetOfSuperFloatPropertyParameterTest.java:78)
	at java.base/jdk.internal.reflect.NativeMethodAccessorImpl.invoke0(Native Method)
	at java.base/jdk.internal.reflect.NativeMethodAccessorImpl.invoke(NativeMethodAccessorImpl.java:62)
	at java.base/jdk.internal.reflect.DelegatingMethodAccessorImpl.invoke(DelegatingMethodAccessorImpl.java:43)
	at java.base/java.lang.reflect.Method.invoke(Method.java:566)
	at org.junit.runners.model.FrameworkMethod$1.runReflectiveCall(FrameworkMethod.java:59)
	at org.junit.internal.runners.model.ReflectiveCallable.run(ReflectiveCallable.java:12)
	at org.junit.runners.model.FrameworkMethod.invokeExplosively(FrameworkMethod.java:56)
	at org.junit.internal.runners.statements.InvokeMethod.evaluate(InvokeMethod.java:17)
	at org.junit.internal.runners.statements.RunBefores.evaluate(RunBefores.java:26)
	at org.junit.runners.ParentRunner$3.evaluate(ParentRunner.java:306)
	at org.junit.runners.BlockJUnit4ClassRunner$1.evaluate(BlockJUnit4ClassRunner.java:100)
	at org.junit.runners.ParentRunner.runLeaf(ParentRunner.java:366)
	at org.junit.runners.BlockJUnit4ClassRunner.runChild(BlockJUnit4ClassRunner.java:103)
	at org.junit.runners.BlockJUnit4ClassRunner.runChild(BlockJUnit4ClassRunner.java:63)
	at org.junit.runners.ParentRunner$4.run(ParentRunner.java:331)
	at org.junit.runners.ParentRunner$1.schedule(ParentRunner.java:79)
	at org.junit.runners.ParentRunner.runChildren(ParentRunner.java:329)
	at org.junit.runners.ParentRunner.access$100(ParentRunner.java:66)
	at org.junit.runners.ParentRunner$2.evaluate(ParentRunner.java:293)
	at org.junit.runners.ParentRunner$3.evaluate(ParentRunner.java:306)
	at org.junit.runners.ParentRunner.run(ParentRunner.java:413)
	at org.junit.runners.Suite.runChild(Suite.java:128)
	at org.junit.runners.Suite.runChild(Suite.java:27)
	at org.junit.runners.ParentRunner$4.run(ParentRunner.java:331)
	at org.junit.runners.ParentRunner$1.schedule(ParentRunner.java:79)
	at org.junit.runners.ParentRunner.runChildren(ParentRunner.java:329)
	at org.junit.runners.ParentRunner.access$100(ParentRunner.java:66)
	at org.junit.runners.ParentRunner$2.evaluate(ParentRunner.java:293)
	at org.junit.runners.ParentRunner$3.evaluate(ParentRunner.java:306)
	at org.junit.runners.ParentRunner.run(ParentRunner.java:413)
	at org.apache.maven.surefire.junitcore.JUnitCore.run(JUnitCore.java:49)
	at org.apache.maven.surefire.junitcore.JUnitCoreWrapper.createRequestAndRun(JUnitCoreWrapper.java:120)
	at org.apache.maven.surefire.junitcore.JUnitCoreWrapper.executeEager(JUnitCoreWrapper.java:95)
	at org.apache.maven.surefire.junitcore.JUnitCoreWrapper.execute(JUnitCoreWrapper.java:75)
	at org.apache.maven.surefire.junitcore.JUnitCoreWrapper.execute(JUnitCoreWrapper.java:69)
	at org.apache.maven.surefire.junitcore.JUnitCoreProvider.invoke(JUnitCoreProvider.java:146)
	at org.apache.maven.surefire.booter.ForkedBooter.runSuitesInProcess(ForkedBooter.java:385)
	at org.apache.maven.surefire.booter.ForkedBooter.execute(ForkedBooter.java:162)
	at org.apache.maven.surefire.booter.ForkedBooter.run(ForkedBooter.java:507)
	at org.apache.maven.surefire.booter.ForkedBooter.main(ForkedBooter.java:495)
]]></failure>
    <system-out><![CDATA[in floats
TYPE_BEARER
interface java.util.Set
java.util.Set<? super java.lang.Float>
In forfirld
TYPE_BEARER
sun.reflect.annotation.AnnotatedTypeFactory$AnnotatedParameterizedTypeImpl@49665f92
com.pholser.junit.quickcheck.generator.java.util.SetOfSuperFloatPropertyParameterTest
Set<? super Float>
java.util.Set<? super java.lang.Float>
TYPE_BEARER
interface java.util.Set
java.util.Set<? super java.lang.Float>
generatorFor
com.pholser.junit.quickcheck.generator.java.util.SetOfSuperFloatPropertyParameterTest
interface java.util.Set
In compose
generatorsFor
interface java.util.Set
generatorsFor
interface java.util.Set
Matches generators
com.pholser.junit.quickcheck.generator.java.util.HashSetGenerator@4ba1c1a2
com.pholser.junit.quickcheck.generator.java.util.LinkedHashSetGenerator@35555145
maybeAddGeneratorsFor
com.pholser.junit.quickcheck.generator.java.util.SetOfSuperFloatPropertyParameterTest
com.pholser.junit.quickcheck.generator.java.util.HashSetGenerator@fe13916
Else In hasGeneratorsFor generators
com.pholser.junit.quickcheck.generator.java.util.HashSetGenerator@fe13916
In match generators
com.pholser.junit.quickcheck.generator.java.util.HashSetGenerator@fe13916
generatorFor
java.util.Set<? super java.lang.Float>
class java.lang.Object
In compose
generatorsFor
class java.lang.Object
generatorsFor
class java.lang.Object
Matches generators
com.pholser.junit.quickcheck.generator.java.lang.BooleanGenerator@390a07a0
com.pholser.junit.quickcheck.generator.java.lang.ByteGenerator@674e4c82
com.pholser.junit.quickcheck.generator.java.lang.CharacterGenerator@572b4072
com.pholser.junit.quickcheck.generator.java.lang.DoubleGenerator@322ab6ce
com.pholser.junit.quickcheck.generator.java.lang.Encoded@5b74902c
com.pholser.junit.quickcheck.generator.java.lang.FloatGenerator@4e4bfd9c
com.pholser.junit.quickcheck.generator.java.lang.IntegerGenerator@43ee1cf7
com.pholser.junit.quickcheck.generator.java.lang.LongGenerator@24954e82
com.pholser.junit.quickcheck.generator.java.lang.ShortGenerator@5b1f5fcc
com.pholser.junit.quickcheck.generator.java.lang.StringGenerator@4a29fe2e
com.pholser.junit.quickcheck.generator.java.math.BigDecimalGenerator@79135a38
com.pholser.junit.quickcheck.generator.java.math.BigIntegerGenerator@77fceac6
com.pholser.junit.quickcheck.generator.java.nio.charset.CharsetGenerator@563c3aca
com.pholser.junit.quickcheck.generator.java.time.ClockGenerator@30c03473
com.pholser.junit.quickcheck.generator.java.time.DurationGenerator@20fa5277
com.pholser.junit.quickcheck.generator.java.time.InstantGenerator@17a7d6c8
com.pholser.junit.quickcheck.generator.java.time.LocalDateGenerator@4f2b1e9f
com.pholser.junit.quickcheck.generator.java.time.LocalDateTimeGenerator@7ef9c8a5
com.pholser.junit.quickcheck.generator.java.time.LocalTimeGenerator@c6244e7
com.pholser.junit.quickcheck.generator.java.time.MonthDayGenerator@25dad235
com.pholser.junit.quickcheck.generator.java.time.OffsetDateTimeGenerator@3292eff7
com.pholser.junit.quickcheck.generator.java.time.OffsetTimeGenerator@29ea5e0
com.pholser.junit.quickcheck.generator.java.time.PeriodGenerator@1c459c28
com.pholser.junit.quickcheck.generator.java.time.YearGenerator@6ffdbeef
com.pholser.junit.quickcheck.generator.java.time.YearMonthGenerator@4a3509b0
com.pholser.junit.quickcheck.generator.java.time.ZoneIdGenerator@3d7314b3
com.pholser.junit.quickcheck.generator.java.time.ZoneOffsetGenerator@d677be9
com.pholser.junit.quickcheck.generator.java.time.ZonedDateTimeGenerator@fefb66c
com.pholser.junit.quickcheck.generator.java.util.BitSetGenerator@48860139
com.pholser.junit.quickcheck.generator.java.util.DateGenerator@7e0883f3
com.pholser.junit.quickcheck.generator.java.util.LocaleGenerator@771cbd13
com.pholser.junit.quickcheck.generator.java.util.OptionalDoubleGenerator@3d57fb9e
com.pholser.junit.quickcheck.generator.java.util.OptionalIntGenerator@26888c31
com.pholser.junit.quickcheck.generator.java.util.OptionalLongGenerator@7a021f49
com.pholser.junit.quickcheck.generator.java.util.RFC4122$Version3@4e030feb
com.pholser.junit.quickcheck.generator.java.util.RFC4122$Version4@2411b935
com.pholser.junit.quickcheck.generator.java.util.RFC4122$Version5@1425e531
com.pholser.junit.quickcheck.generator.java.util.TimeZoneGenerator@4fe4503a
com.pholser.junit.quickcheck.internal.generator.ZilchGenerator@3b42b729
com.pholser.junit.quickcheck.test.generator.AFoo@1bcb8599
maybeAddGeneratorsFor
java.util.Set<? super java.lang.Float>
com.pholser.junit.quickcheck.generator.java.lang.BooleanGenerator@6b278b17
Else In hasGeneratorsFor generators
com.pholser.junit.quickcheck.generator.java.lang.BooleanGenerator@6b278b17
In match generators
com.pholser.junit.quickcheck.generator.java.lang.BooleanGenerator@6b278b17
com.pholser.junit.quickcheck.generator.java.lang.BooleanGenerator@6b278b17
generatorsFor
class java.lang.Object
generatorsFor
class java.lang.Object
Matches generators
com.pholser.junit.quickcheck.generator.java.lang.BooleanGenerator@390a07a0
com.pholser.junit.quickcheck.generator.java.lang.ByteGenerator@674e4c82
com.pholser.junit.quickcheck.generator.java.lang.CharacterGenerator@572b4072
com.pholser.junit.quickcheck.generator.java.lang.DoubleGenerator@322ab6ce
com.pholser.junit.quickcheck.generator.java.lang.Encoded@5b74902c
com.pholser.junit.quickcheck.generator.java.lang.FloatGenerator@4e4bfd9c
com.pholser.junit.quickcheck.generator.java.lang.IntegerGenerator@43ee1cf7
com.pholser.junit.quickcheck.generator.java.lang.LongGenerator@24954e82
com.pholser.junit.quickcheck.generator.java.lang.ShortGenerator@5b1f5fcc
com.pholser.junit.quickcheck.generator.java.lang.StringGenerator@4a29fe2e
com.pholser.junit.quickcheck.generator.java.math.BigDecimalGenerator@79135a38
com.pholser.junit.quickcheck.generator.java.math.BigIntegerGenerator@77fceac6
com.pholser.junit.quickcheck.generator.java.nio.charset.CharsetGenerator@563c3aca
com.pholser.junit.quickcheck.generator.java.time.ClockGenerator@30c03473
com.pholser.junit.quickcheck.generator.java.time.DurationGenerator@20fa5277
com.pholser.junit.quickcheck.generator.java.time.InstantGenerator@17a7d6c8
com.pholser.junit.quickcheck.generator.java.time.LocalDateGenerator@4f2b1e9f
com.pholser.junit.quickcheck.generator.java.time.LocalDateTimeGenerator@7ef9c8a5
com.pholser.junit.quickcheck.generator.java.time.LocalTimeGenerator@c6244e7
com.pholser.junit.quickcheck.generator.java.time.MonthDayGenerator@25dad235
com.pholser.junit.quickcheck.generator.java.time.OffsetDateTimeGenerator@3292eff7
com.pholser.junit.quickcheck.generator.java.time.OffsetTimeGenerator@29ea5e0
com.pholser.junit.quickcheck.generator.java.time.PeriodGenerator@1c459c28
com.pholser.junit.quickcheck.generator.java.time.YearGenerator@6ffdbeef
com.pholser.junit.quickcheck.generator.java.time.YearMonthGenerator@4a3509b0
com.pholser.junit.quickcheck.generator.java.time.ZoneIdGenerator@3d7314b3
com.pholser.junit.quickcheck.generator.java.time.ZoneOffsetGenerator@d677be9
com.pholser.junit.quickcheck.generator.java.time.ZonedDateTimeGenerator@fefb66c
com.pholser.junit.quickcheck.generator.java.util.BitSetGenerator@48860139
com.pholser.junit.quickcheck.generator.java.util.DateGenerator@7e0883f3
com.pholser.junit.quickcheck.generator.java.util.LocaleGenerator@771cbd13
com.pholser.junit.quickcheck.generator.java.util.OptionalDoubleGenerator@3d57fb9e
com.pholser.junit.quickcheck.generator.java.util.OptionalIntGenerator@26888c31
com.pholser.junit.quickcheck.generator.java.util.OptionalLongGenerator@7a021f49
com.pholser.junit.quickcheck.generator.java.util.RFC4122$Version3@4e030feb
com.pholser.junit.quickcheck.generator.java.util.RFC4122$Version4@2411b935
com.pholser.junit.quickcheck.generator.java.util.RFC4122$Version5@1425e531
com.pholser.junit.quickcheck.generator.java.util.TimeZoneGenerator@4fe4503a
com.pholser.junit.quickcheck.internal.generator.ZilchGenerator@3b42b729
com.pholser.junit.quickcheck.test.generator.AFoo@1bcb8599
maybeAddGeneratorsFor
java.util.Set<? super java.lang.Float>
com.pholser.junit.quickcheck.generator.java.lang.BooleanGenerator@2ae5580
Else In hasGeneratorsFor generators
com.pholser.junit.quickcheck.generator.java.lang.BooleanGenerator@2ae5580
In match generators
com.pholser.junit.quickcheck.generator.java.lang.BooleanGenerator@2ae5580
com.pholser.junit.quickcheck.generator.java.util.HashSetGenerator@fe13916
generatorsFor
interface java.util.Set
generatorsFor
interface java.util.Set
Matches generators
com.pholser.junit.quickcheck.generator.java.util.HashSetGenerator@4ba1c1a2
com.pholser.junit.quickcheck.generator.java.util.LinkedHashSetGenerator@35555145
maybeAddGeneratorsFor
com.pholser.junit.quickcheck.generator.java.util.SetOfSuperFloatPropertyParameterTest
com.pholser.junit.quickcheck.generator.java.util.HashSetGenerator@4203529f
Else In hasGeneratorsFor generators
com.pholser.junit.quickcheck.generator.java.util.HashSetGenerator@4203529f
In match generators
com.pholser.junit.quickcheck.generator.java.util.HashSetGenerator@4203529f
generatorFor
java.util.Set<? super java.lang.Float>
interface java.io.Serializable
In compose
generatorsFor
interface java.io.Serializable
generatorsFor
interface java.io.Serializable
Matches generators
com.pholser.junit.quickcheck.generator.java.lang.BooleanGenerator@390a07a0
com.pholser.junit.quickcheck.generator.java.lang.ByteGenerator@674e4c82
com.pholser.junit.quickcheck.generator.java.lang.CharacterGenerator@572b4072
com.pholser.junit.quickcheck.generator.java.lang.DoubleGenerator@322ab6ce
com.pholser.junit.quickcheck.generator.java.lang.Encoded@5b74902c
com.pholser.junit.quickcheck.generator.java.lang.FloatGenerator@4e4bfd9c
com.pholser.junit.quickcheck.generator.java.lang.IntegerGenerator@43ee1cf7
com.pholser.junit.quickcheck.generator.java.lang.LongGenerator@24954e82
com.pholser.junit.quickcheck.generator.java.lang.ShortGenerator@5b1f5fcc
com.pholser.junit.quickcheck.generator.java.lang.StringGenerator@4a29fe2e
com.pholser.junit.quickcheck.generator.java.math.BigDecimalGenerator@79135a38
com.pholser.junit.quickcheck.generator.java.math.BigIntegerGenerator@77fceac6
com.pholser.junit.quickcheck.generator.java.time.DurationGenerator@20fa5277
com.pholser.junit.quickcheck.generator.java.time.InstantGenerator@17a7d6c8
com.pholser.junit.quickcheck.generator.java.time.LocalDateGenerator@4f2b1e9f
com.pholser.junit.quickcheck.generator.java.time.LocalDateTimeGenerator@7ef9c8a5
com.pholser.junit.quickcheck.generator.java.time.LocalTimeGenerator@c6244e7
com.pholser.junit.quickcheck.generator.java.time.MonthDayGenerator@25dad235
com.pholser.junit.quickcheck.generator.java.time.OffsetDateTimeGenerator@3292eff7
com.pholser.junit.quickcheck.generator.java.time.OffsetTimeGenerator@29ea5e0
com.pholser.junit.quickcheck.generator.java.time.PeriodGenerator@1c459c28
com.pholser.junit.quickcheck.generator.java.time.YearGenerator@6ffdbeef
com.pholser.junit.quickcheck.generator.java.time.YearMonthGenerator@4a3509b0
com.pholser.junit.quickcheck.generator.java.time.ZoneIdGenerator@3d7314b3
com.pholser.junit.quickcheck.generator.java.time.ZoneOffsetGenerator@d677be9
com.pholser.junit.quickcheck.generator.java.time.ZonedDateTimeGenerator@fefb66c
com.pholser.junit.quickcheck.generator.java.util.ArrayListGenerator@6d7556a8
com.pholser.junit.quickcheck.generator.java.util.BitSetGenerator@48860139
com.pholser.junit.quickcheck.generator.java.util.DateGenerator@7e0883f3
com.pholser.junit.quickcheck.generator.java.util.HashMapGenerator@ca60688
com.pholser.junit.quickcheck.generator.java.util.HashSetGenerator@4ba1c1a2
com.pholser.junit.quickcheck.generator.java.util.HashtableGenerator@33568e26
com.pholser.junit.quickcheck.generator.java.util.LinkedHashMapGenerator@97b84a4
com.pholser.junit.quickcheck.generator.java.util.LinkedHashSetGenerator@35555145
com.pholser.junit.quickcheck.generator.java.util.LinkedListGenerator@70bc3a9c
com.pholser.junit.quickcheck.generator.java.util.LocaleGenerator@771cbd13
com.pholser.junit.quickcheck.generator.java.util.PropertiesGenerator@e60c5a
com.pholser.junit.quickcheck.generator.java.util.RFC4122$Version3@4e030feb
com.pholser.junit.quickcheck.generator.java.util.RFC4122$Version4@2411b935
com.pholser.junit.quickcheck.generator.java.util.RFC4122$Version5@1425e531
com.pholser.junit.quickcheck.generator.java.util.StackGenerator@194e78af
com.pholser.junit.quickcheck.generator.java.util.TimeZoneGenerator@4fe4503a
com.pholser.junit.quickcheck.generator.java.util.VectorGenerator@669580e2
maybeAddGeneratorsFor
java.util.Set<? super java.lang.Float>
com.pholser.junit.quickcheck.generator.java.lang.BooleanGenerator@7d82ca56
Else In hasGeneratorsFor generators
com.pholser.junit.quickcheck.generator.java.lang.BooleanGenerator@7d82ca56
In match generators
com.pholser.junit.quickcheck.generator.java.lang.BooleanGenerator@7d82ca56
com.pholser.junit.quickcheck.generator.java.lang.BooleanGenerator@7d82ca56
generatorsFor
interface java.io.Serializable
generatorsFor
interface java.io.Serializable
Matches generators
com.pholser.junit.quickcheck.generator.java.lang.BooleanGenerator@390a07a0
com.pholser.junit.quickcheck.generator.java.lang.ByteGenerator@674e4c82
com.pholser.junit.quickcheck.generator.java.lang.CharacterGenerator@572b4072
com.pholser.junit.quickcheck.generator.java.lang.DoubleGenerator@322ab6ce
com.pholser.junit.quickcheck.generator.java.lang.Encoded@5b74902c
com.pholser.junit.quickcheck.generator.java.lang.FloatGenerator@4e4bfd9c
com.pholser.junit.quickcheck.generator.java.lang.IntegerGenerator@43ee1cf7
com.pholser.junit.quickcheck.generator.java.lang.LongGenerator@24954e82
com.pholser.junit.quickcheck.generator.java.lang.ShortGenerator@5b1f5fcc
com.pholser.junit.quickcheck.generator.java.lang.StringGenerator@4a29fe2e
com.pholser.junit.quickcheck.generator.java.math.BigDecimalGenerator@79135a38
com.pholser.junit.quickcheck.generator.java.math.BigIntegerGenerator@77fceac6
com.pholser.junit.quickcheck.generator.java.time.DurationGenerator@20fa5277
com.pholser.junit.quickcheck.generator.java.time.InstantGenerator@17a7d6c8
com.pholser.junit.quickcheck.generator.java.time.LocalDateGenerator@4f2b1e9f
com.pholser.junit.quickcheck.generator.java.time.LocalDateTimeGenerator@7ef9c8a5
com.pholser.junit.quickcheck.generator.java.time.LocalTimeGenerator@c6244e7
com.pholser.junit.quickcheck.generator.java.time.MonthDayGenerator@25dad235
com.pholser.junit.quickcheck.generator.java.time.OffsetDateTimeGenerator@3292eff7
com.pholser.junit.quickcheck.generator.java.time.OffsetTimeGenerator@29ea5e0
com.pholser.junit.quickcheck.generator.java.time.PeriodGenerator@1c459c28
com.pholser.junit.quickcheck.generator.java.time.YearGenerator@6ffdbeef
com.pholser.junit.quickcheck.generator.java.time.YearMonthGenerator@4a3509b0
com.pholser.junit.quickcheck.generator.java.time.ZoneIdGenerator@3d7314b3
com.pholser.junit.quickcheck.generator.java.time.ZoneOffsetGenerator@d677be9
com.pholser.junit.quickcheck.generator.java.time.ZonedDateTimeGenerator@fefb66c
com.pholser.junit.quickcheck.generator.java.util.ArrayListGenerator@6d7556a8
com.pholser.junit.quickcheck.generator.java.util.BitSetGenerator@48860139
com.pholser.junit.quickcheck.generator.java.util.DateGenerator@7e0883f3
com.pholser.junit.quickcheck.generator.java.util.HashMapGenerator@ca60688
com.pholser.junit.quickcheck.generator.java.util.HashSetGenerator@4ba1c1a2
com.pholser.junit.quickcheck.generator.java.util.HashtableGenerator@33568e26
com.pholser.junit.quickcheck.generator.java.util.LinkedHashMapGenerator@97b84a4
com.pholser.junit.quickcheck.generator.java.util.LinkedHashSetGenerator@35555145
com.pholser.junit.quickcheck.generator.java.util.LinkedListGenerator@70bc3a9c
com.pholser.junit.quickcheck.generator.java.util.LocaleGenerator@771cbd13
com.pholser.junit.quickcheck.generator.java.util.PropertiesGenerator@e60c5a
com.pholser.junit.quickcheck.generator.java.util.RFC4122$Version3@4e030feb
com.pholser.junit.quickcheck.generator.java.util.RFC4122$Version4@2411b935
com.pholser.junit.quickcheck.generator.java.util.RFC4122$Version5@1425e531
com.pholser.junit.quickcheck.generator.java.util.StackGenerator@194e78af
com.pholser.junit.quickcheck.generator.java.util.TimeZoneGenerator@4fe4503a
com.pholser.junit.quickcheck.generator.java.util.VectorGenerator@669580e2
maybeAddGeneratorsFor
java.util.Set<? super java.lang.Float>
com.pholser.junit.quickcheck.generator.java.lang.BooleanGenerator@2aaa89c2
Else In hasGeneratorsFor generators
com.pholser.junit.quickcheck.generator.java.lang.BooleanGenerator@2aaa89c2
In match generators
com.pholser.junit.quickcheck.generator.java.lang.BooleanGenerator@2aaa89c2
In produce generator
com.pholser.junit.quickcheck.generator.java.util.HashSetGenerator@4203529f
Trials
In generate
In size:
1
com.pholser.junit.quickcheck.generator.java.lang.BooleanGenerator@2aaa89c2
In generator type
com.pholser.junit.quickcheck.generator.java.lang.BooleanGenerator@2aaa89c2
Evalue
after Evalue
after generate
Trials
In generate
In size:
2
com.pholser.junit.quickcheck.generator.java.lang.BooleanGenerator@2aaa89c2
In generator type
com.pholser.junit.quickcheck.generator.java.lang.BooleanGenerator@2aaa89c2
Evalue
after Evalue
after generate
Trials
In generate
In size:
3
com.pholser.junit.quickcheck.generator.java.lang.BooleanGenerator@2aaa89c2
In generator type
com.pholser.junit.quickcheck.generator.java.lang.BooleanGenerator@2aaa89c2
Evalue
after Evalue
after generate
[MockitoHint] SetOfSuperFloatPropertyParameterTest.verifyInteractionWithRandomness (see javadoc for MockitoHint):
[MockitoHint] 1. Unused... -> at com.pholser.junit.quickcheck.Generating.ints(Generating.java:118)
[MockitoHint]  ...args ok? -> at com.pholser.junit.quickcheck.internal.Items.choose(Items.java:58)
[MockitoHint]  ...args ok? -> at com.pholser.junit.quickcheck.internal.Items.choose(Items.java:58)
[MockitoHint]  ...args ok? -> at com.pholser.junit.quickcheck.internal.Items.choose(Items.java:58)
[MockitoHint]  ...args ok? -> at com.pholser.junit.quickcheck.internal.Items.choose(Items.java:58)

]]></system-out>
  </testcase>
</testsuite>