<?xml version="1.0" encoding="UTF-8"?>
<testsuite xmlns:xsi="http://www.w3.org/2001/XMLSchema-instance" xsi:noNamespaceSchemaLocation="https://maven.apache.org/surefire/maven-surefire-plugin/xsd/surefire-test-report-3.0.xsd" version="3.0" name="com.pholser.junit.quickcheck.generator.java.util.SetOfSuperFloatPropertyParameterTest" time="2.409" tests="1" errors="0" skipped="0" failures="1">
  <properties>
[...]
</properties>
  <testcase name="verifyInteractionWithRandomness" classname="com.pholser.junit.quickcheck.generator.java.util.SetOfSuperFloatPropertyParameterTest" time="2.407">
    <failure message="&#10;Wanted but not invoked:&#10;randomForParameterGenerator.nextFloat(&#10;    0.0f,&#10;    1.0f&#10;);&#10;-&gt; at com.pholser.junit.quickcheck.Generating.verifyFloats(Generating.java:103)&#10;&#10;However, there were exactly 3 interactions with this mock:&#10;randomForParameterGenerator.nextByte(&#10;    (byte) 0x80,&#10;    (byte) 0x7F&#10;);&#10;-&gt; at com.pholser.junit.quickcheck.generator.java.lang.ByteGenerator.generate(ByteGenerator.java:76)&#10;&#10;randomForParameterGenerator.nextByte(&#10;    (byte) 0x80,&#10;    (byte) 0x7F&#10;);&#10;-&gt; at com.pholser.junit.quickcheck.generator.java.lang.ByteGenerator.generate(ByteGenerator.java:76)&#10;&#10;randomForParameterGenerator.nextByte(&#10;    (byte) 0x80,&#10;    (byte) 0x7F&#10;);&#10;-&gt; at com.pholser.junit.quickcheck.generator.java.lang.ByteGenerator.generate(ByteGenerator.java:76)&#10;&#10;" type="Wanted but not invoked"><![CDATA[Wanted but not invoked:
randomForParameterGenerator.nextFloat(
    0.0f,
    1.0f
);
-> at com.pholser.junit.quickcheck.Generating.verifyFloats(Generating.java:103)

However, there were exactly 3 interactions with this mock:
randomForParameterGenerator.nextByte(
    (byte) 0x80,
    (byte) 0x7F
);
-> at com.pholser.junit.quickcheck.generator.java.lang.ByteGenerator.generate(ByteGenerator.java:76)

randomForParameterGenerator.nextByte(
    (byte) 0x80,
    (byte) 0x7F
);
-> at com.pholser.junit.quickcheck.generator.java.lang.ByteGenerator.generate(ByteGenerator.java:76)

randomForParameterGenerator.nextByte(
    (byte) 0x80,
    (byte) 0x7F
);
-> at com.pholser.junit.quickcheck.generator.java.lang.ByteGenerator.generate(ByteGenerator.java:76)


	at com.pholser.junit.quickcheck.Generating.verifyFloats(Generating.java:103)
	at com.pholser.junit.quickcheck.generator.java.util.SetOfSuperFloatPropertyParameterTest.verifyInteractionWithRandomness(SetOfSuperFloatPropertyParameterTest.java:78)
	at java.base/jdk.internal.reflect.NativeMethodAccessorImpl.invoke0(Native Method)
	at java.base/jdk.internal.reflect.NativeMethodAccessorImpl.invoke(NativeMethodAccessorImpl.java:62)
	at java.base/jdk.internal.reflect.DelegatingMethodAccessorImpl.invoke(DelegatingMethodAccessorImpl.java:43)
	at java.base/java.lang.reflect.Method.invoke(Method.java:566)
	at org.junit.runners.model.FrameworkMethod$1.runReflectiveCall(FrameworkMethod.java:59)
	at org.junit.internal.runners.model.ReflectiveCallable.run(ReflectiveCallable.java:12)
	at org.junit.runners.model.FrameworkMethod.invokeExplosively(FrameworkMethod.java:56)
	at org.junit.internal.runners.statements.InvokeMethod.evaluate(InvokeMethod.java:17)
	at org.junit.internal.runners.statements.RunBefores.evaluate(RunBefores.java:26)
	at org.junit.runners.ParentRunner$3.evaluate(ParentRunner.java:306)
	at org.junit.runners.BlockJUnit4ClassRunner$1.evaluate(BlockJUnit4ClassRunner.java:100)
	at org.junit.runners.ParentRunner.runLeaf(ParentRunner.java:366)
	at org.junit.runners.BlockJUnit4ClassRunner.runChild(BlockJUnit4ClassRunner.java:103)
	at org.junit.runners.BlockJUnit4ClassRunner.runChild(BlockJUnit4ClassRunner.java:63)
	at org.junit.runners.ParentRunner$4.run(ParentRunner.java:331)
	at org.junit.runners.ParentRunner$1.schedule(ParentRunner.java:79)
	at org.junit.runners.ParentRunner.runChildren(ParentRunner.java:329)
	at org.junit.runners.ParentRunner.access$100(ParentRunner.java:66)
	at org.junit.runners.ParentRunner$2.evaluate(ParentRunner.java:293)
	at org.junit.runners.ParentRunner$3.evaluate(ParentRunner.java:306)
	at org.junit.runners.ParentRunner.run(ParentRunner.java:413)
	at org.junit.runners.Suite.runChild(Suite.java:128)
	at org.junit.runners.Suite.runChild(Suite.java:27)
	at org.junit.runners.ParentRunner$4.run(ParentRunner.java:331)
	at org.junit.runners.ParentRunner$1.schedule(ParentRunner.java:79)
	at org.junit.runners.ParentRunner.runChildren(ParentRunner.java:329)
	at org.junit.runners.ParentRunner.access$100(ParentRunner.java:66)
	at org.junit.runners.ParentRunner$2.evaluate(ParentRunner.java:293)
	at org.junit.runners.ParentRunner$3.evaluate(ParentRunner.java:306)
	at org.junit.runners.ParentRunner.run(ParentRunner.java:413)
	at org.apache.maven.surefire.junitcore.JUnitCore.run(JUnitCore.java:49)
	at org.apache.maven.surefire.junitcore.JUnitCoreWrapper.createRequestAndRun(JUnitCoreWrapper.java:120)
	at org.apache.maven.surefire.junitcore.JUnitCoreWrapper.executeEager(JUnitCoreWrapper.java:95)
	at org.apache.maven.surefire.junitcore.JUnitCoreWrapper.execute(JUnitCoreWrapper.java:75)
	at org.apache.maven.surefire.junitcore.JUnitCoreWrapper.execute(JUnitCoreWrapper.java:69)
	at org.apache.maven.surefire.junitcore.JUnitCoreProvider.invoke(JUnitCoreProvider.java:146)
	at org.apache.maven.surefire.booter.ForkedBooter.runSuitesInProcess(ForkedBooter.java:385)
	at org.apache.maven.surefire.booter.ForkedBooter.execute(ForkedBooter.java:162)
	at org.apache.maven.surefire.booter.ForkedBooter.run(ForkedBooter.java:507)
	at org.apache.maven.surefire.booter.ForkedBooter.main(ForkedBooter.java:495)
]]></failure>
    <system-out><![CDATA[in floats
TYPE_BEARER
interface java.util.Set
java.util.Set<? super java.lang.Float>
In forfirld
TYPE_BEARER
sun.reflect.annotation.AnnotatedTypeFactory$AnnotatedParameterizedTypeImpl@b68932b
com.pholser.junit.quickcheck.generator.java.util.SetOfSuperFloatPropertyParameterTest
Set<? super Float>
java.util.Set<? super java.lang.Float>
TYPE_BEARER
interface java.util.Set
java.util.Set<? super java.lang.Float>
generatorFor
com.pholser.junit.quickcheck.generator.java.util.SetOfSuperFloatPropertyParameterTest
interface java.util.Set
In compose
maybeaddgeneratorsFor
interface java.util.Set
generatorsFor
interface java.util.Set
Matches generators
com.pholser.junit.quickcheck.generator.java.util.HashSetGenerator@33568e26
com.pholser.junit.quickcheck.generator.java.util.LinkedHashSetGenerator@70bc3a9c
com.pholser.junit.quickcheck.generator.java.util.SetOfSuperFloatPropertyParameterTest
com.pholser.junit.quickcheck.generator.java.util.HashSetGenerator@5ea0a7a9
Else In hasGeneratorsFor generators
com.pholser.junit.quickcheck.generator.java.util.HashSetGenerator@5ea0a7a9
In match generators
com.pholser.junit.quickcheck.generator.java.util.HashSetGenerator@5ea0a7a9
In compose weigghetd fn
interface java.lang.Comparable
class java.lang.Object
generatorFor
java.util.Set<? super java.lang.Float>
class java.lang.Object
In compose
maybeaddgeneratorsFor
class java.lang.Object
generatorsFor
class java.lang.Object
Matches generators
com.pholser.junit.quickcheck.generator.java.lang.BooleanGenerator@674e4c82
com.pholser.junit.quickcheck.generator.java.lang.ByteGenerator@572b4072
com.pholser.junit.quickcheck.generator.java.lang.CharacterGenerator@322ab6ce
com.pholser.junit.quickcheck.generator.java.lang.DoubleGenerator@5b74902c
com.pholser.junit.quickcheck.generator.java.lang.Encoded@4e4bfd9c
com.pholser.junit.quickcheck.generator.java.lang.FloatGenerator@43ee1cf7
com.pholser.junit.quickcheck.generator.java.lang.IntegerGenerator@24954e82
com.pholser.junit.quickcheck.generator.java.lang.LongGenerator@5b1f5fcc
com.pholser.junit.quickcheck.generator.java.lang.ShortGenerator@4a29fe2e
com.pholser.junit.quickcheck.generator.java.lang.StringGenerator@79135a38
com.pholser.junit.quickcheck.generator.java.math.BigDecimalGenerator@77fceac6
com.pholser.junit.quickcheck.generator.java.math.BigIntegerGenerator@563c3aca
com.pholser.junit.quickcheck.generator.java.nio.charset.CharsetGenerator@53e166ad
com.pholser.junit.quickcheck.generator.java.time.ClockGenerator@20fa5277
com.pholser.junit.quickcheck.generator.java.time.DurationGenerator@17a7d6c8
com.pholser.junit.quickcheck.generator.java.time.InstantGenerator@4f2b1e9f
com.pholser.junit.quickcheck.generator.java.time.LocalDateGenerator@7ef9c8a5
com.pholser.junit.quickcheck.generator.java.time.LocalDateTimeGenerator@c6244e7
com.pholser.junit.quickcheck.generator.java.time.LocalTimeGenerator@25dad235
com.pholser.junit.quickcheck.generator.java.time.MonthDayGenerator@3292eff7
com.pholser.junit.quickcheck.generator.java.time.OffsetDateTimeGenerator@29ea5e0
com.pholser.junit.quickcheck.generator.java.time.OffsetTimeGenerator@1c459c28
com.pholser.junit.quickcheck.generator.java.time.PeriodGenerator@6ffdbeef
com.pholser.junit.quickcheck.generator.java.time.YearGenerator@4a3509b0
com.pholser.junit.quickcheck.generator.java.time.YearMonthGenerator@3d7314b3
com.pholser.junit.quickcheck.generator.java.time.ZoneIdGenerator@d677be9
com.pholser.junit.quickcheck.generator.java.time.ZoneOffsetGenerator@fefb66c
com.pholser.junit.quickcheck.generator.java.time.ZonedDateTimeGenerator@6d7556a8
com.pholser.junit.quickcheck.generator.java.util.BitSetGenerator@7e0883f3
com.pholser.junit.quickcheck.generator.java.util.DateGenerator@ca60688
com.pholser.junit.quickcheck.generator.java.util.LocaleGenerator@229749f0
com.pholser.junit.quickcheck.generator.java.util.OptionalDoubleGenerator@2c2e5e72
com.pholser.junit.quickcheck.generator.java.util.OptionalIntGenerator@24010875
com.pholser.junit.quickcheck.generator.java.util.OptionalLongGenerator@e60c5a
com.pholser.junit.quickcheck.generator.java.util.RFC4122$Version3@2411b935
com.pholser.junit.quickcheck.generator.java.util.RFC4122$Version4@1425e531
com.pholser.junit.quickcheck.generator.java.util.RFC4122$Version5@194e78af
com.pholser.junit.quickcheck.generator.java.util.TimeZoneGenerator@669580e2
com.pholser.junit.quickcheck.internal.generator.ZilchGenerator@4c164f81
com.pholser.junit.quickcheck.test.generator.AFoo@b671dda
java.util.Set<? super java.lang.Float>
com.pholser.junit.quickcheck.generator.java.lang.BooleanGenerator@2ae5580
Else In hasGeneratorsFor generators
com.pholser.junit.quickcheck.generator.java.lang.BooleanGenerator@2ae5580
In match generators
com.pholser.junit.quickcheck.generator.java.lang.BooleanGenerator@2ae5580
In compose weigghetd fn
com.pholser.junit.quickcheck.generator.java.lang.BooleanGenerator@2ae5580
maybeaddgeneratorsFor
class java.lang.Object
generatorsFor
class java.lang.Object
Matches generators
com.pholser.junit.quickcheck.generator.java.lang.BooleanGenerator@674e4c82
com.pholser.junit.quickcheck.generator.java.lang.ByteGenerator@572b4072
com.pholser.junit.quickcheck.generator.java.lang.CharacterGenerator@322ab6ce
com.pholser.junit.quickcheck.generator.java.lang.DoubleGenerator@5b74902c
com.pholser.junit.quickcheck.generator.java.lang.Encoded@4e4bfd9c
com.pholser.junit.quickcheck.generator.java.lang.FloatGenerator@43ee1cf7
com.pholser.junit.quickcheck.generator.java.lang.IntegerGenerator@24954e82
com.pholser.junit.quickcheck.generator.java.lang.LongGenerator@5b1f5fcc
com.pholser.junit.quickcheck.generator.java.lang.ShortGenerator@4a29fe2e
com.pholser.junit.quickcheck.generator.java.lang.StringGenerator@79135a38
com.pholser.junit.quickcheck.generator.java.math.BigDecimalGenerator@77fceac6
com.pholser.junit.quickcheck.generator.java.math.BigIntegerGenerator@563c3aca
com.pholser.junit.quickcheck.generator.java.nio.charset.CharsetGenerator@53e166ad
com.pholser.junit.quickcheck.generator.java.time.ClockGenerator@20fa5277
com.pholser.junit.quickcheck.generator.java.time.DurationGenerator@17a7d6c8
com.pholser.junit.quickcheck.generator.java.time.InstantGenerator@4f2b1e9f
com.pholser.junit.quickcheck.generator.java.time.LocalDateGenerator@7ef9c8a5
com.pholser.junit.quickcheck.generator.java.time.LocalDateTimeGenerator@c6244e7
com.pholser.junit.quickcheck.generator.java.time.LocalTimeGenerator@25dad235
com.pholser.junit.quickcheck.generator.java.time.MonthDayGenerator@3292eff7
com.pholser.junit.quickcheck.generator.java.time.OffsetDateTimeGenerator@29ea5e0
com.pholser.junit.quickcheck.generator.java.time.OffsetTimeGenerator@1c459c28
com.pholser.junit.quickcheck.generator.java.time.PeriodGenerator@6ffdbeef
com.pholser.junit.quickcheck.generator.java.time.YearGenerator@4a3509b0
com.pholser.junit.quickcheck.generator.java.time.YearMonthGenerator@3d7314b3
com.pholser.junit.quickcheck.generator.java.time.ZoneIdGenerator@d677be9
com.pholser.junit.quickcheck.generator.java.time.ZoneOffsetGenerator@fefb66c
com.pholser.junit.quickcheck.generator.java.time.ZonedDateTimeGenerator@6d7556a8
com.pholser.junit.quickcheck.generator.java.util.BitSetGenerator@7e0883f3
com.pholser.junit.quickcheck.generator.java.util.DateGenerator@ca60688
com.pholser.junit.quickcheck.generator.java.util.LocaleGenerator@229749f0
com.pholser.junit.quickcheck.generator.java.util.OptionalDoubleGenerator@2c2e5e72
com.pholser.junit.quickcheck.generator.java.util.OptionalIntGenerator@24010875
com.pholser.junit.quickcheck.generator.java.util.OptionalLongGenerator@e60c5a
com.pholser.junit.quickcheck.generator.java.util.RFC4122$Version3@2411b935
com.pholser.junit.quickcheck.generator.java.util.RFC4122$Version4@1425e531
com.pholser.junit.quickcheck.generator.java.util.RFC4122$Version5@194e78af
com.pholser.junit.quickcheck.generator.java.util.TimeZoneGenerator@669580e2
com.pholser.junit.quickcheck.internal.generator.ZilchGenerator@4c164f81
com.pholser.junit.quickcheck.test.generator.AFoo@b671dda
java.util.Set<? super java.lang.Float>
com.pholser.junit.quickcheck.generator.java.lang.BooleanGenerator@4203529f
Else In hasGeneratorsFor generators
com.pholser.junit.quickcheck.generator.java.lang.BooleanGenerator@4203529f
In match generators
com.pholser.junit.quickcheck.generator.java.lang.BooleanGenerator@4203529f
In compose weigghetd fn
com.pholser.junit.quickcheck.generator.java.util.HashSetGenerator@5ea0a7a9
maybeaddgeneratorsFor
interface java.util.Set
generatorsFor
interface java.util.Set
Matches generators
com.pholser.junit.quickcheck.generator.java.util.HashSetGenerator@33568e26
com.pholser.junit.quickcheck.generator.java.util.LinkedHashSetGenerator@70bc3a9c
com.pholser.junit.quickcheck.generator.java.util.SetOfSuperFloatPropertyParameterTest
com.pholser.junit.quickcheck.generator.java.util.HashSetGenerator@7d82ca56
Else In hasGeneratorsFor generators
com.pholser.junit.quickcheck.generator.java.util.HashSetGenerator@7d82ca56
In match generators
com.pholser.junit.quickcheck.generator.java.util.HashSetGenerator@7d82ca56
In compose weigghetd fn
interface java.lang.Comparable
class java.lang.Number
generatorFor
java.util.Set<? super java.lang.Float>
class java.lang.Number
In compose
maybeaddgeneratorsFor
class java.lang.Number
generatorsFor
class java.lang.Number
Matches generators
com.pholser.junit.quickcheck.generator.java.lang.ByteGenerator@572b4072
com.pholser.junit.quickcheck.generator.java.lang.DoubleGenerator@5b74902c
com.pholser.junit.quickcheck.generator.java.lang.FloatGenerator@43ee1cf7
com.pholser.junit.quickcheck.generator.java.lang.IntegerGenerator@24954e82
com.pholser.junit.quickcheck.generator.java.lang.LongGenerator@5b1f5fcc
com.pholser.junit.quickcheck.generator.java.lang.ShortGenerator@4a29fe2e
com.pholser.junit.quickcheck.generator.java.math.BigDecimalGenerator@77fceac6
com.pholser.junit.quickcheck.generator.java.math.BigIntegerGenerator@563c3aca
java.util.Set<? super java.lang.Float>
com.pholser.junit.quickcheck.generator.java.lang.ByteGenerator@2aaa89c2
Else In hasGeneratorsFor generators
com.pholser.junit.quickcheck.generator.java.lang.ByteGenerator@2aaa89c2
In match generators
com.pholser.junit.quickcheck.generator.java.lang.ByteGenerator@2aaa89c2
In compose weigghetd fn
com.pholser.junit.quickcheck.generator.java.lang.ByteGenerator@2aaa89c2
maybeaddgeneratorsFor
class java.lang.Number
generatorsFor
class java.lang.Number
Matches generators
com.pholser.junit.quickcheck.generator.java.lang.ByteGenerator@572b4072
com.pholser.junit.quickcheck.generator.java.lang.DoubleGenerator@5b74902c
com.pholser.junit.quickcheck.generator.java.lang.FloatGenerator@43ee1cf7
com.pholser.junit.quickcheck.generator.java.lang.IntegerGenerator@24954e82
com.pholser.junit.quickcheck.generator.java.lang.LongGenerator@5b1f5fcc
com.pholser.junit.quickcheck.generator.java.lang.ShortGenerator@4a29fe2e
com.pholser.junit.quickcheck.generator.java.math.BigDecimalGenerator@77fceac6
com.pholser.junit.quickcheck.generator.java.math.BigIntegerGenerator@563c3aca
java.util.Set<? super java.lang.Float>
com.pholser.junit.quickcheck.generator.java.lang.ByteGenerator@5a58db42
Else In hasGeneratorsFor generators
com.pholser.junit.quickcheck.generator.java.lang.ByteGenerator@5a58db42
In match generators
com.pholser.junit.quickcheck.generator.java.lang.ByteGenerator@5a58db42
In compose weigghetd fn
In produce generator
com.pholser.junit.quickcheck.generator.java.util.HashSetGenerator@7d82ca56
Trials
In generate
In size:
1
com.pholser.junit.quickcheck.generator.java.lang.ByteGenerator@5a58db42
In generator type
com.pholser.junit.quickcheck.generator.java.lang.ByteGenerator@5a58db42
Evalue
after Evalue
after generate
Trials
In generate
In size:
2
com.pholser.junit.quickcheck.generator.java.lang.ByteGenerator@5a58db42
In generator type
com.pholser.junit.quickcheck.generator.java.lang.ByteGenerator@5a58db42
Evalue
after Evalue
after generate
Trials
In generate
In size:
3
com.pholser.junit.quickcheck.generator.java.lang.ByteGenerator@5a58db42
In generator type
com.pholser.junit.quickcheck.generator.java.lang.ByteGenerator@5a58db42
Evalue
after Evalue
after generate
[MockitoHint] SetOfSuperFloatPropertyParameterTest.verifyInteractionWithRandomness (see javadoc for MockitoHint):
[MockitoHint] 1. Unused... -> at com.pholser.junit.quickcheck.Generating.ints(Generating.java:118)
[MockitoHint]  ...args ok? -> at com.pholser.junit.quickcheck.internal.Items.choose(Items.java:58)
[MockitoHint]  ...args ok? -> at com.pholser.junit.quickcheck.internal.Items.choose(Items.java:58)
[MockitoHint]  ...args ok? -> at com.pholser.junit.quickcheck.internal.Items.choose(Items.java:58)
[MockitoHint]  ...args ok? -> at com.pholser.junit.quickcheck.internal.Items.choose(Items.java:58)

]]></system-out>
  </testcase>
</testsuite>